<?xml version="1.0" encoding="UTF-8"?>
<robot generator="Robot 5.0.1 (Python 3.8.10 on linux)" generated="20220922 17:19:00.717" rpa="false" schemaversion="3">
<suite id="s1" name="Test4" source="/home/dharisini/Desktop/QA/Qa_task4/test4.robot">
<test id="s1-t1" name="Buy a contract" line="45">
<kw name="Login at Deriv">
<kw name="Open Browser" library="SeleniumLibrary">
<arg>https://app.deriv.com/</arg>
<arg>chrome</arg>
<doc>Opens a new browser instance to the optional ``url``.</doc>
<msg timestamp="20220922 17:19:00.871" level="INFO">Opening browser 'chrome' to base url 'https://app.deriv.com/'.</msg>
<status status="PASS" starttime="20220922 17:19:00.870" endtime="20220922 17:19:07.165"/>
</kw>
<kw name="Maximize Browser Window" library="SeleniumLibrary">
<doc>Maximizes current browser window.</doc>
<status status="PASS" starttime="20220922 17:19:07.165" endtime="20220922 17:19:07.332"/>
</kw>
<kw name="Wait Until Page Contains Element" library="SeleniumLibrary">
<arg>//button[@id='dt_login_button']</arg>
<arg>30</arg>
<doc>Waits until the element ``locator`` appears on the current page.</doc>
<status status="PASS" starttime="20220922 17:19:07.332" endtime="20220922 17:19:07.366"/>
</kw>
<kw name="Wait Until Element Contains" library="SeleniumLibrary">
<arg>dt_login_button</arg>
<arg>Log in</arg>
<doc>Waits until the element ``locator`` contains ``text``.</doc>
<status status="PASS" starttime="20220922 17:19:07.367" endtime="20220922 17:19:07.455"/>
</kw>
<kw name="Click Element" library="SeleniumLibrary">
<arg>dt_login_button</arg>
<doc>Click the element identified by ``locator``.</doc>
<msg timestamp="20220922 17:19:07.456" level="INFO">Clicking element 'dt_login_button'.</msg>
<status status="PASS" starttime="20220922 17:19:07.455" endtime="20220922 17:19:10.887"/>
</kw>
<kw name="Wait Until Page Contains Element" library="SeleniumLibrary">
<arg>//input[@type='email']</arg>
<arg>10</arg>
<doc>Waits until the element ``locator`` appears on the current page.</doc>
<status status="PASS" starttime="20220922 17:19:10.887" endtime="20220922 17:19:10.900"/>
</kw>
<kw name="Input Text" library="SeleniumLibrary">
<arg>//input[@type='email']</arg>
<arg>dharisini@besquare.com.my</arg>
<doc>Types the given ``text`` into the text field identified by ``locator``.</doc>
<msg timestamp="20220922 17:19:10.901" level="INFO">Typing text 'dharisini@besquare.com.my' into text field '//input[@type='email']'.</msg>
<status status="PASS" starttime="20220922 17:19:10.901" endtime="20220922 17:19:11.020"/>
</kw>
<kw name="Input Text" library="SeleniumLibrary">
<arg>//input[@type='password']</arg>
<arg>DW7171G##c67</arg>
<doc>Types the given ``text`` into the text field identified by ``locator``.</doc>
<msg timestamp="20220922 17:19:11.021" level="INFO">Typing text 'DW7171G##c67' into text field '//input[@type='password']'.</msg>
<status status="PASS" starttime="20220922 17:19:11.021" endtime="20220922 17:19:11.156"/>
</kw>
<kw name="Click Element" library="SeleniumLibrary">
<arg>//button[@type='submit']</arg>
<doc>Click the element identified by ``locator``.</doc>
<msg timestamp="20220922 17:19:11.157" level="INFO">Clicking element '//button[@type='submit']'.</msg>
<status status="PASS" starttime="20220922 17:19:11.156" endtime="20220922 17:19:15.706"/>
</kw>
<kw name="Wait Until Page Contains Element" library="SeleniumLibrary">
<arg>//*[@id="dt_core_account-info_acc-info"]</arg>
<arg>30</arg>
<doc>Waits until the element ``locator`` appears on the current page.</doc>
<status status="PASS" starttime="20220922 17:19:15.706" endtime="20220922 17:19:15.747"/>
</kw>
<kw name="Ensure Loaded">
<kw name="Wait Until Page Does Not Contain Element" library="SeleniumLibrary">
<arg>//*[contains(@aria-label,'Loading')]</arg>
<arg>30</arg>
<doc>Waits until the element ``locator`` disappears from the current page.</doc>
<status status="PASS" starttime="20220922 17:19:15.748" endtime="20220922 17:19:17.262"/>
</kw>
<kw name="Wait Until Page Does Not Contain Element" library="SeleniumLibrary">
<arg>//*[@class='chart-container__loader']</arg>
<doc>Waits until the element ``locator`` disappears from the current page.</doc>
<status status="PASS" starttime="20220922 17:19:17.262" endtime="20220922 17:19:18.614"/>
</kw>
<status status="PASS" starttime="20220922 17:19:15.747" endtime="20220922 17:19:18.615"/>
</kw>
<kw name="Click Element" library="SeleniumLibrary">
<arg>//*[@id="dt_core_account-info_acc-info"]</arg>
<doc>Click the element identified by ``locator``.</doc>
<msg timestamp="20220922 17:19:18.615" level="INFO">Clicking element '//*[@id="dt_core_account-info_acc-info"]'.</msg>
<status status="PASS" starttime="20220922 17:19:18.615" endtime="20220922 17:19:18.934"/>
</kw>
<kw name="Wait Until Page Contains Element" library="SeleniumLibrary">
<arg>dt_core_account-switcher_demo-tab</arg>
<arg>30</arg>
<doc>Waits until the element ``locator`` appears on the current page.</doc>
<status status="PASS" starttime="20220922 17:19:18.934" endtime="20220922 17:19:18.959"/>
</kw>
<kw name="Click Element" library="SeleniumLibrary">
<arg>dt_core_account-switcher_demo-tab</arg>
<doc>Click the element identified by ``locator``.</doc>
<msg timestamp="20220922 17:19:18.959" level="INFO">Clicking element 'dt_core_account-switcher_demo-tab'.</msg>
<status status="PASS" starttime="20220922 17:19:18.959" endtime="20220922 17:19:19.077"/>
</kw>
<kw name="Page Should Contain Element" library="SeleniumLibrary">
<arg>//*[@id="dt_VRTC6202200"]</arg>
<arg>40</arg>
<doc>Verifies that element ``locator`` is found on the current page.</doc>
<msg timestamp="20220922 17:19:19.105" level="INFO">Current page contains element '//*[@id="dt_VRTC6202200"]'.</msg>
<status status="PASS" starttime="20220922 17:19:19.077" endtime="20220922 17:19:19.105"/>
</kw>
<kw name="Click Element" library="SeleniumLibrary">
<arg>//*[@id="dt_VRTC6202200"]</arg>
<doc>Click the element identified by ``locator``.</doc>
<msg timestamp="20220922 17:19:19.106" level="INFO">Clicking element '//*[@id="dt_VRTC6202200"]'.</msg>
<status status="PASS" starttime="20220922 17:19:19.106" endtime="20220922 17:19:19.468"/>
</kw>
<kw name="Ensure Loaded">
<kw name="Wait Until Page Does Not Contain Element" library="SeleniumLibrary">
<arg>//*[contains(@aria-label,'Loading')]</arg>
<arg>30</arg>
<doc>Waits until the element ``locator`` disappears from the current page.</doc>
<status status="PASS" starttime="20220922 17:19:19.470" endtime="20220922 17:19:25.044"/>
</kw>
<kw name="Wait Until Page Does Not Contain Element" library="SeleniumLibrary">
<arg>//*[@class='chart-container__loader']</arg>
<doc>Waits until the element ``locator`` disappears from the current page.</doc>
<status status="PASS" starttime="20220922 17:19:25.044" endtime="20220922 17:19:25.060"/>
</kw>
<status status="PASS" starttime="20220922 17:19:19.468" endtime="20220922 17:19:25.060"/>
</kw>
<status status="PASS" starttime="20220922 17:19:00.870" endtime="20220922 17:19:25.060"/>
</kw>
<kw name="Click High and Low">
<kw name="Page Should Contain Element" library="SeleniumLibrary">
<arg>//div[@class="cq-symbol-select-btn"]</arg>
<arg>40</arg>
<doc>Verifies that element ``locator`` is found on the current page.</doc>
<msg timestamp="20220922 17:19:25.099" level="INFO">Current page contains element '//div[@class="cq-symbol-select-btn"]'.</msg>
<status status="PASS" starttime="20220922 17:19:25.062" endtime="20220922 17:19:25.099"/>
</kw>
<kw name="Click Element" library="SeleniumLibrary">
<arg>//div[@class="cq-symbol-select-btn"]</arg>
<doc>Click the element identified by ``locator``.</doc>
<msg timestamp="20220922 17:19:25.099" level="INFO">Clicking element '//div[@class="cq-symbol-select-btn"]'.</msg>
<status status="PASS" starttime="20220922 17:19:25.099" endtime="20220922 17:19:25.179"/>
</kw>
<kw name="Wait Until Page Contains Element" library="SeleniumLibrary">
<arg>//span[@class="ic-icon ic-forex"]</arg>
<arg>40</arg>
<doc>Waits until the element ``locator`` appears on the current page.</doc>
<status status="PASS" starttime="20220922 17:19:25.179" endtime="20220922 17:19:25.194"/>
</kw>
<kw name="Click Element" library="SeleniumLibrary">
<arg>//span[@class="ic-icon ic-forex"]</arg>
<doc>Click the element identified by ``locator``.</doc>
<msg timestamp="20220922 17:19:25.195" level="INFO">Clicking element '//span[@class="ic-icon ic-forex"]'.</msg>
<status status="PASS" starttime="20220922 17:19:25.195" endtime="20220922 17:19:25.620"/>
</kw>
<kw name="Wait Until Page Contains Element" library="SeleniumLibrary">
<arg>//div[@class="sc-mcd__item sc-mcd__item--frxAUDUSD "]</arg>
<arg>30</arg>
<doc>Waits until the element ``locator`` appears on the current page.</doc>
<status status="PASS" starttime="20220922 17:19:25.620" endtime="20220922 17:19:25.682"/>
</kw>
<kw name="Click Element" library="SeleniumLibrary">
<arg>//div[@class="sc-mcd__item sc-mcd__item--frxAUDUSD "]</arg>
<doc>Click the element identified by ``locator``.</doc>
<msg timestamp="20220922 17:19:25.683" level="INFO">Clicking element '//div[@class="sc-mcd__item sc-mcd__item--frxAUDUSD "]'.</msg>
<status status="PASS" starttime="20220922 17:19:25.682" endtime="20220922 17:19:25.932"/>
</kw>
<kw name="Wait Until Page Contains Element" library="SeleniumLibrary">
<arg>//div[@id="dt_contract_dropdown"]</arg>
<arg>40</arg>
<doc>Waits until the element ``locator`` appears on the current page.</doc>
<status status="PASS" starttime="20220922 17:19:25.932" endtime="20220922 17:19:26.715"/>
</kw>
<kw name="Click Element" library="SeleniumLibrary">
<arg>//div[@id="dt_contract_dropdown"]</arg>
<doc>Click the element identified by ``locator``.</doc>
<msg timestamp="20220922 17:19:26.716" level="INFO">Clicking element '//div[@id="dt_contract_dropdown"]'.</msg>
<status status="PASS" starttime="20220922 17:19:26.715" endtime="20220922 17:19:26.855"/>
</kw>
<kw name="Wait Until Page Contains Element" library="SeleniumLibrary">
<arg>//div[@id="dt_contract_high_low_item"]</arg>
<arg>30</arg>
<doc>Waits until the element ``locator`` appears on the current page.</doc>
<status status="PASS" starttime="20220922 17:19:26.856" endtime="20220922 17:19:26.907"/>
</kw>
<kw name="Click Element" library="SeleniumLibrary">
<arg>//div[@id="dt_contract_high_low_item"]</arg>
<doc>Click the element identified by ``locator``.</doc>
<msg timestamp="20220922 17:19:26.907" level="INFO">Clicking element '//div[@id="dt_contract_high_low_item"]'.</msg>
<status status="PASS" starttime="20220922 17:19:26.907" endtime="20220922 17:19:28.197"/>
</kw>
<status status="PASS" starttime="20220922 17:19:25.061" endtime="20220922 17:19:28.197"/>
</kw>
<kw name="Wait Until Page Contains Element" library="SeleniumLibrary">
<arg>//input[@class="dc-input__field"]</arg>
<arg>10</arg>
<doc>Waits until the element ``locator`` appears on the current page.</doc>
<status status="PASS" starttime="20220922 17:19:28.197" endtime="20220922 17:19:28.242"/>
</kw>
<kw name="Press Keys" library="SeleniumLibrary">
<arg>//input[@class="dc-input__field"]</arg>
<arg>CTRL+a+BACKSPACE</arg>
<doc>Simulates the user pressing key(s) to an element or on the active browser.</doc>
<msg timestamp="20220922 17:19:28.243" level="INFO">Sending key(s) ('CTRL+a+BACKSPACE',) to //input[@class="dc-input__field"] element.</msg>
<msg timestamp="20220922 17:19:28.760" level="INFO">Pressing special key CONTROL down.</msg>
<msg timestamp="20220922 17:19:28.760" level="INFO">Sending key a</msg>
<msg timestamp="20220922 17:19:28.760" level="INFO">Pressing special key BACKSPACE down.</msg>
<msg timestamp="20220922 17:19:28.760" level="INFO">Releasing special key CONTROL.</msg>
<msg timestamp="20220922 17:19:28.760" level="INFO">Releasing special key BACKSPACE.</msg>
<status status="PASS" starttime="20220922 17:19:28.242" endtime="20220922 17:19:29.094"/>
</kw>
<kw name="Input Text" library="SeleniumLibrary">
<arg>//input[@class="dc-input__field"]</arg>
<arg>4</arg>
<doc>Types the given ``text`` into the text field identified by ``locator``.</doc>
<msg timestamp="20220922 17:19:29.095" level="INFO">Typing text '4' into text field '//input[@class="dc-input__field"]'.</msg>
<status status="PASS" starttime="20220922 17:19:29.094" endtime="20220922 17:19:29.848"/>
</kw>
<kw name="Wait Until Page Contains Element" library="SeleniumLibrary">
<arg>//input[@id="dt_barrier_1_input"]</arg>
<arg>10</arg>
<doc>Waits until the element ``locator`` appears on the current page.</doc>
<status status="PASS" starttime="20220922 17:19:29.848" endtime="20220922 17:19:29.906"/>
</kw>
<kw name="Press Keys" library="SeleniumLibrary">
<arg>//input[@id="dt_barrier_1_input"]</arg>
<arg>CTRL+a+BACKSPACE</arg>
<doc>Simulates the user pressing key(s) to an element or on the active browser.</doc>
<msg timestamp="20220922 17:19:29.907" level="INFO">Sending key(s) ('CTRL+a+BACKSPACE',) to //input[@id="dt_barrier_1_input"] element.</msg>
<msg timestamp="20220922 17:19:30.344" level="INFO">Pressing special key CONTROL down.</msg>
<msg timestamp="20220922 17:19:30.344" level="INFO">Sending key a</msg>
<msg timestamp="20220922 17:19:30.344" level="INFO">Pressing special key BACKSPACE down.</msg>
<msg timestamp="20220922 17:19:30.344" level="INFO">Releasing special key CONTROL.</msg>
<msg timestamp="20220922 17:19:30.344" level="INFO">Releasing special key BACKSPACE.</msg>
<status status="PASS" starttime="20220922 17:19:29.906" endtime="20220922 17:19:30.437"/>
</kw>
<kw name="Input Text" library="SeleniumLibrary">
<arg>//input[@id="dt_barrier_1_input"]</arg>
<arg>-0.1</arg>
<doc>Types the given ``text`` into the text field identified by ``locator``.</doc>
<msg timestamp="20220922 17:19:30.438" level="INFO">Typing text '-0.1' into text field '//input[@id="dt_barrier_1_input"]'.</msg>
<status status="PASS" starttime="20220922 17:19:30.438" endtime="20220922 17:19:30.948"/>
</kw>
<kw name="Wait Until Page Contains Element" library="SeleniumLibrary">
<arg>//button[@id="dc_payout_toggle_item"]</arg>
<arg>10</arg>
<doc>Waits until the element ``locator`` appears on the current page.</doc>
<status status="PASS" starttime="20220922 17:19:30.948" endtime="20220922 17:19:30.964"/>
</kw>
<kw name="Click Element" library="SeleniumLibrary">
<arg>//button[@id="dc_payout_toggle_item"]</arg>
<doc>Click the element identified by ``locator``.</doc>
<msg timestamp="20220922 17:19:30.964" level="INFO">Clicking element '//button[@id="dc_payout_toggle_item"]'.</msg>
<status status="PASS" starttime="20220922 17:19:30.964" endtime="20220922 17:19:31.088"/>
</kw>
<kw name="Wait Until Page Contains Element" library="SeleniumLibrary">
<arg>//input[@id="dt_amount_input"]</arg>
<arg>10</arg>
<doc>Waits until the element ``locator`` appears on the current page.</doc>
<status status="PASS" starttime="20220922 17:19:31.088" endtime="20220922 17:19:31.123"/>
</kw>
<kw name="Press Keys" library="SeleniumLibrary">
<arg>//input[@id="dt_amount_input"]</arg>
<arg>CTRL+a+BACKSPACE</arg>
<doc>Simulates the user pressing key(s) to an element or on the active browser.</doc>
<msg timestamp="20220922 17:19:31.124" level="INFO">Sending key(s) ('CTRL+a+BACKSPACE',) to //input[@id="dt_amount_input"] element.</msg>
<msg timestamp="20220922 17:19:31.445" level="INFO">Pressing special key CONTROL down.</msg>
<msg timestamp="20220922 17:19:31.445" level="INFO">Sending key a</msg>
<msg timestamp="20220922 17:19:31.445" level="INFO">Pressing special key BACKSPACE down.</msg>
<msg timestamp="20220922 17:19:31.445" level="INFO">Releasing special key CONTROL.</msg>
<msg timestamp="20220922 17:19:31.445" level="INFO">Releasing special key BACKSPACE.</msg>
<status status="PASS" starttime="20220922 17:19:31.123" endtime="20220922 17:19:31.492"/>
</kw>
<kw name="Input Text" library="SeleniumLibrary">
<arg>//input[@id="dt_amount_input"]</arg>
<arg>10</arg>
<doc>Types the given ``text`` into the text field identified by ``locator``.</doc>
<msg timestamp="20220922 17:19:31.492" level="INFO">Typing text '10' into text field '//input[@id="dt_amount_input"]'.</msg>
<status status="PASS" starttime="20220922 17:19:31.492" endtime="20220922 17:19:31.981"/>
</kw>
<status status="PASS" starttime="20220922 17:19:00.869" endtime="20220922 17:19:31.982"/>
</test>
<status status="PASS" starttime="20220922 17:19:00.717" endtime="20220922 17:19:31.983"/>
</suite>
<statistics>
<total>
<stat pass="1" fail="0" skip="0">All Tests</stat>
</total>
<tag>
</tag>
<suite>
<stat pass="1" fail="0" skip="0" id="s1" name="Test4">Test4</stat>
</suite>
</statistics>
<errors>
</errors>
</robot>
