<?xml version="1.0" encoding="UTF-8"?>
<robot generator="Robot 5.0.1 (Python 3.8.10 on linux)" generated="20220922 16:57:14.522" rpa="false" schemaversion="3">
<suite id="s1" name="buyLower" source="/home/dharisini/Desktop/QA/Qa_task3/buyLower.robot">
<test id="s1-t1" name="Buy a contract" line="45">
<kw name="Login at Deriv">
<kw name="Open Browser" library="SeleniumLibrary">
<arg>https://app.deriv.com/</arg>
<arg>chrome</arg>
<doc>Opens a new browser instance to the optional ``url``.</doc>
<msg timestamp="20220922 16:57:14.728" level="INFO">Opening browser 'chrome' to base url 'https://app.deriv.com/'.</msg>
<status status="PASS" starttime="20220922 16:57:14.728" endtime="20220922 16:57:21.671"/>
</kw>
<kw name="Maximize Browser Window" library="SeleniumLibrary">
<doc>Maximizes current browser window.</doc>
<status status="PASS" starttime="20220922 16:57:21.671" endtime="20220922 16:57:21.837"/>
</kw>
<kw name="Wait Until Page Contains Element" library="SeleniumLibrary">
<arg>//button[@id='dt_login_button']</arg>
<arg>30</arg>
<doc>Waits until the element ``locator`` appears on the current page.</doc>
<status status="PASS" starttime="20220922 16:57:21.838" endtime="20220922 16:57:21.983"/>
</kw>
<kw name="Wait Until Element Contains" library="SeleniumLibrary">
<arg>dt_login_button</arg>
<arg>Log in</arg>
<doc>Waits until the element ``locator`` contains ``text``.</doc>
<status status="PASS" starttime="20220922 16:57:21.983" endtime="20220922 16:57:23.849"/>
</kw>
<kw name="Click Element" library="SeleniumLibrary">
<arg>dt_login_button</arg>
<doc>Click the element identified by ``locator``.</doc>
<msg timestamp="20220922 16:57:23.849" level="INFO">Clicking element 'dt_login_button'.</msg>
<status status="PASS" starttime="20220922 16:57:23.849" endtime="20220922 16:57:26.705"/>
</kw>
<kw name="Wait Until Page Contains Element" library="SeleniumLibrary">
<arg>//input[@type='email']</arg>
<arg>10</arg>
<doc>Waits until the element ``locator`` appears on the current page.</doc>
<status status="PASS" starttime="20220922 16:57:26.705" endtime="20220922 16:57:26.720"/>
</kw>
<kw name="Input Text" library="SeleniumLibrary">
<arg>//input[@type='email']</arg>
<arg>dharisini@besquare.com.my</arg>
<doc>Types the given ``text`` into the text field identified by ``locator``.</doc>
<msg timestamp="20220922 16:57:26.720" level="INFO">Typing text 'dharisini@besquare.com.my' into text field '//input[@type='email']'.</msg>
<status status="PASS" starttime="20220922 16:57:26.720" endtime="20220922 16:57:26.876"/>
</kw>
<kw name="Input Text" library="SeleniumLibrary">
<arg>//input[@type='password']</arg>
<arg>DW7171G##c67</arg>
<doc>Types the given ``text`` into the text field identified by ``locator``.</doc>
<msg timestamp="20220922 16:57:26.877" level="INFO">Typing text 'DW7171G##c67' into text field '//input[@type='password']'.</msg>
<status status="PASS" starttime="20220922 16:57:26.876" endtime="20220922 16:57:26.951"/>
</kw>
<kw name="Click Element" library="SeleniumLibrary">
<arg>//button[@type='submit']</arg>
<doc>Click the element identified by ``locator``.</doc>
<msg timestamp="20220922 16:57:26.951" level="INFO">Clicking element '//button[@type='submit']'.</msg>
<status status="PASS" starttime="20220922 16:57:26.951" endtime="20220922 16:57:28.716"/>
</kw>
<kw name="Wait Until Page Contains Element" library="SeleniumLibrary">
<arg>//*[@id="dt_core_account-info_acc-info"]</arg>
<arg>30</arg>
<doc>Waits until the element ``locator`` appears on the current page.</doc>
<status status="PASS" starttime="20220922 16:57:28.716" endtime="20220922 16:57:31.066"/>
</kw>
<kw name="Ensure Loaded">
<kw name="Wait Until Page Does Not Contain Element" library="SeleniumLibrary">
<arg>//*[contains(@aria-label,'Loading')]</arg>
<arg>30</arg>
<doc>Waits until the element ``locator`` disappears from the current page.</doc>
<status status="PASS" starttime="20220922 16:57:31.069" endtime="20220922 16:57:32.520"/>
</kw>
<kw name="Wait Until Page Does Not Contain Element" library="SeleniumLibrary">
<arg>//*[@class='chart-container__loader']</arg>
<doc>Waits until the element ``locator`` disappears from the current page.</doc>
<status status="PASS" starttime="20220922 16:57:32.520" endtime="20220922 16:57:34.056"/>
</kw>
<status status="PASS" starttime="20220922 16:57:31.066" endtime="20220922 16:57:34.056"/>
</kw>
<kw name="Click Element" library="SeleniumLibrary">
<arg>//*[@id="dt_core_account-info_acc-info"]</arg>
<doc>Click the element identified by ``locator``.</doc>
<msg timestamp="20220922 16:57:34.057" level="INFO">Clicking element '//*[@id="dt_core_account-info_acc-info"]'.</msg>
<status status="PASS" starttime="20220922 16:57:34.057" endtime="20220922 16:57:34.136"/>
</kw>
<kw name="Wait Until Page Contains Element" library="SeleniumLibrary">
<arg>dt_core_account-switcher_demo-tab</arg>
<arg>30</arg>
<doc>Waits until the element ``locator`` appears on the current page.</doc>
<status status="PASS" starttime="20220922 16:57:34.137" endtime="20220922 16:57:34.155"/>
</kw>
<kw name="Click Element" library="SeleniumLibrary">
<arg>dt_core_account-switcher_demo-tab</arg>
<doc>Click the element identified by ``locator``.</doc>
<msg timestamp="20220922 16:57:34.155" level="INFO">Clicking element 'dt_core_account-switcher_demo-tab'.</msg>
<status status="PASS" starttime="20220922 16:57:34.155" endtime="20220922 16:57:34.254"/>
</kw>
<kw name="Page Should Contain Element" library="SeleniumLibrary">
<arg>//*[@id="dt_VRTC6202200"]</arg>
<arg>40</arg>
<doc>Verifies that element ``locator`` is found on the current page.</doc>
<msg timestamp="20220922 16:57:34.269" level="INFO">Current page contains element '//*[@id="dt_VRTC6202200"]'.</msg>
<status status="PASS" starttime="20220922 16:57:34.254" endtime="20220922 16:57:34.269"/>
</kw>
<kw name="Click Element" library="SeleniumLibrary">
<arg>//*[@id="dt_VRTC6202200"]</arg>
<doc>Click the element identified by ``locator``.</doc>
<msg timestamp="20220922 16:57:34.269" level="INFO">Clicking element '//*[@id="dt_VRTC6202200"]'.</msg>
<status status="PASS" starttime="20220922 16:57:34.269" endtime="20220922 16:57:34.858"/>
</kw>
<kw name="Ensure Loaded">
<kw name="Wait Until Page Does Not Contain Element" library="SeleniumLibrary">
<arg>//*[contains(@aria-label,'Loading')]</arg>
<arg>30</arg>
<doc>Waits until the element ``locator`` disappears from the current page.</doc>
<status status="PASS" starttime="20220922 16:57:34.859" endtime="20220922 16:57:41.978"/>
</kw>
<kw name="Wait Until Page Does Not Contain Element" library="SeleniumLibrary">
<arg>//*[@class='chart-container__loader']</arg>
<doc>Waits until the element ``locator`` disappears from the current page.</doc>
<status status="PASS" starttime="20220922 16:57:41.978" endtime="20220922 16:57:41.986"/>
</kw>
<status status="PASS" starttime="20220922 16:57:34.859" endtime="20220922 16:57:41.986"/>
</kw>
<status status="PASS" starttime="20220922 16:57:14.726" endtime="20220922 16:57:41.986"/>
</kw>
<kw name="Click High and Low">
<kw name="Page Should Contain Element" library="SeleniumLibrary">
<arg>//div[@class="cq-symbol-select-btn"]</arg>
<arg>40</arg>
<doc>Verifies that element ``locator`` is found on the current page.</doc>
<msg timestamp="20220922 16:57:41.999" level="INFO">Current page contains element '//div[@class="cq-symbol-select-btn"]'.</msg>
<status status="PASS" starttime="20220922 16:57:41.987" endtime="20220922 16:57:41.999"/>
</kw>
<kw name="Click Element" library="SeleniumLibrary">
<arg>//div[@class="cq-symbol-select-btn"]</arg>
<doc>Click the element identified by ``locator``.</doc>
<msg timestamp="20220922 16:57:41.999" level="INFO">Clicking element '//div[@class="cq-symbol-select-btn"]'.</msg>
<status status="PASS" starttime="20220922 16:57:41.999" endtime="20220922 16:57:42.061"/>
</kw>
<kw name="Wait Until Page Contains Element" library="SeleniumLibrary">
<arg>//span[@class="ic-icon ic-forex"]</arg>
<arg>40</arg>
<doc>Waits until the element ``locator`` appears on the current page.</doc>
<status status="PASS" starttime="20220922 16:57:42.061" endtime="20220922 16:57:42.071"/>
</kw>
<kw name="Click Element" library="SeleniumLibrary">
<arg>//span[@class="ic-icon ic-forex"]</arg>
<doc>Click the element identified by ``locator``.</doc>
<msg timestamp="20220922 16:57:42.072" level="INFO">Clicking element '//span[@class="ic-icon ic-forex"]'.</msg>
<status status="PASS" starttime="20220922 16:57:42.071" endtime="20220922 16:57:42.518"/>
</kw>
<kw name="Wait Until Page Contains Element" library="SeleniumLibrary">
<arg>//div[@class="sc-mcd__item sc-mcd__item--frxAUDUSD "]</arg>
<arg>30</arg>
<doc>Waits until the element ``locator`` appears on the current page.</doc>
<status status="PASS" starttime="20220922 16:57:42.518" endtime="20220922 16:57:42.621"/>
</kw>
<kw name="Click Element" library="SeleniumLibrary">
<arg>//div[@class="sc-mcd__item sc-mcd__item--frxAUDUSD "]</arg>
<doc>Click the element identified by ``locator``.</doc>
<msg timestamp="20220922 16:57:42.623" level="INFO">Clicking element '//div[@class="sc-mcd__item sc-mcd__item--frxAUDUSD "]'.</msg>
<status status="PASS" starttime="20220922 16:57:42.622" endtime="20220922 16:57:42.922"/>
</kw>
<kw name="Wait Until Page Contains Element" library="SeleniumLibrary">
<arg>//div[@id="dt_contract_dropdown"]</arg>
<arg>40</arg>
<doc>Waits until the element ``locator`` appears on the current page.</doc>
<status status="PASS" starttime="20220922 16:57:42.922" endtime="20220922 16:57:43.813"/>
</kw>
<kw name="Click Element" library="SeleniumLibrary">
<arg>//div[@id="dt_contract_dropdown"]</arg>
<doc>Click the element identified by ``locator``.</doc>
<msg timestamp="20220922 16:57:43.815" level="INFO">Clicking element '//div[@id="dt_contract_dropdown"]'.</msg>
<status status="PASS" starttime="20220922 16:57:43.814" endtime="20220922 16:57:43.978"/>
</kw>
<kw name="Wait Until Page Contains Element" library="SeleniumLibrary">
<arg>//div[@id="dt_contract_high_low_item"]</arg>
<arg>30</arg>
<doc>Waits until the element ``locator`` appears on the current page.</doc>
<status status="PASS" starttime="20220922 16:57:43.978" endtime="20220922 16:57:43.993"/>
</kw>
<kw name="Click Element" library="SeleniumLibrary">
<arg>//div[@id="dt_contract_high_low_item"]</arg>
<doc>Click the element identified by ``locator``.</doc>
<msg timestamp="20220922 16:57:43.993" level="INFO">Clicking element '//div[@id="dt_contract_high_low_item"]'.</msg>
<status status="PASS" starttime="20220922 16:57:43.993" endtime="20220922 16:57:44.946"/>
</kw>
<status status="PASS" starttime="20220922 16:57:41.987" endtime="20220922 16:57:44.946"/>
</kw>
<kw name="Wait Until Page Contains Element" library="SeleniumLibrary">
<arg>//input[@class="dc-input__field"]</arg>
<arg>10</arg>
<doc>Waits until the element ``locator`` appears on the current page.</doc>
<status status="PASS" starttime="20220922 16:57:44.947" endtime="20220922 16:57:45.114"/>
</kw>
<kw name="Press Keys" library="SeleniumLibrary">
<arg>//input[@class="dc-input__field"]</arg>
<arg>CTRL+a+BACKSPACE</arg>
<doc>Simulates the user pressing key(s) to an element or on the active browser.</doc>
<msg timestamp="20220922 16:57:45.115" level="INFO">Sending key(s) ('CTRL+a+BACKSPACE',) to //input[@class="dc-input__field"] element.</msg>
<msg timestamp="20220922 16:57:45.633" level="INFO">Pressing special key CONTROL down.</msg>
<msg timestamp="20220922 16:57:45.633" level="INFO">Sending key a</msg>
<msg timestamp="20220922 16:57:45.633" level="INFO">Pressing special key BACKSPACE down.</msg>
<msg timestamp="20220922 16:57:45.633" level="INFO">Releasing special key CONTROL.</msg>
<msg timestamp="20220922 16:57:45.633" level="INFO">Releasing special key BACKSPACE.</msg>
<status status="PASS" starttime="20220922 16:57:45.115" endtime="20220922 16:57:45.745"/>
</kw>
<kw name="Input Text" library="SeleniumLibrary">
<arg>//input[@class="dc-input__field"]</arg>
<arg>4</arg>
<doc>Types the given ``text`` into the text field identified by ``locator``.</doc>
<msg timestamp="20220922 16:57:45.745" level="INFO">Typing text '4' into text field '//input[@class="dc-input__field"]'.</msg>
<status status="PASS" starttime="20220922 16:57:45.745" endtime="20220922 16:57:45.977"/>
</kw>
<kw name="Wait Until Page Contains Element" library="SeleniumLibrary">
<arg>//button[@id="dc_payout_toggle_item"]</arg>
<arg>10</arg>
<doc>Waits until the element ``locator`` appears on the current page.</doc>
<status status="PASS" starttime="20220922 16:57:45.978" endtime="20220922 16:57:45.997"/>
</kw>
<kw name="Click Element" library="SeleniumLibrary">
<arg>//button[@id="dc_payout_toggle_item"]</arg>
<doc>Click the element identified by ``locator``.</doc>
<msg timestamp="20220922 16:57:45.998" level="INFO">Clicking element '//button[@id="dc_payout_toggle_item"]'.</msg>
<status status="PASS" starttime="20220922 16:57:45.998" endtime="20220922 16:57:46.092"/>
</kw>
<kw name="Wait Until Page Contains Element" library="SeleniumLibrary">
<arg>//input[@id="dt_amount_input"]</arg>
<arg>10</arg>
<doc>Waits until the element ``locator`` appears on the current page.</doc>
<status status="PASS" starttime="20220922 16:57:46.093" endtime="20220922 16:57:46.104"/>
</kw>
<kw name="Press Keys" library="SeleniumLibrary">
<arg>//input[@id="dt_amount_input"]</arg>
<arg>CTRL+a+BACKSPACE</arg>
<doc>Simulates the user pressing key(s) to an element or on the active browser.</doc>
<msg timestamp="20220922 16:57:46.105" level="INFO">Sending key(s) ('CTRL+a+BACKSPACE',) to //input[@id="dt_amount_input"] element.</msg>
<msg timestamp="20220922 16:57:46.413" level="INFO">Pressing special key CONTROL down.</msg>
<msg timestamp="20220922 16:57:46.413" level="INFO">Sending key a</msg>
<msg timestamp="20220922 16:57:46.414" level="INFO">Pressing special key BACKSPACE down.</msg>
<msg timestamp="20220922 16:57:46.414" level="INFO">Releasing special key CONTROL.</msg>
<msg timestamp="20220922 16:57:46.414" level="INFO">Releasing special key BACKSPACE.</msg>
<status status="PASS" starttime="20220922 16:57:46.105" endtime="20220922 16:57:46.457"/>
</kw>
<kw name="Input Text" library="SeleniumLibrary">
<arg>//input[@id="dt_amount_input"]</arg>
<arg>15.50</arg>
<doc>Types the given ``text`` into the text field identified by ``locator``.</doc>
<msg timestamp="20220922 16:57:46.459" level="INFO">Typing text '15.50' into text field '//input[@id="dt_amount_input"]'.</msg>
<status status="PASS" starttime="20220922 16:57:46.458" endtime="20220922 16:57:46.630"/>
</kw>
<kw name="Wait Until Page Contains Element" library="SeleniumLibrary">
<arg>//button[@class="btn-purchase btn-purchase--2"]</arg>
<arg>10</arg>
<doc>Waits until the element ``locator`` appears on the current page.</doc>
<status status="PASS" starttime="20220922 16:57:46.630" endtime="20220922 16:57:48.342"/>
</kw>
<kw name="Click Button" library="SeleniumLibrary">
<arg>//button[@class="btn-purchase btn-purchase--2"]</arg>
<doc>Clicks the button identified by ``locator``.</doc>
<msg timestamp="20220922 16:57:48.343" level="INFO">Clicking button '//button[@class="btn-purchase btn-purchase--2"]'.</msg>
<status status="PASS" starttime="20220922 16:57:48.342" endtime="20220922 16:57:48.619"/>
</kw>
<status status="PASS" starttime="20220922 16:57:14.724" endtime="20220922 16:57:48.620"/>
</test>
<status status="PASS" starttime="20220922 16:57:14.524" endtime="20220922 16:57:48.624"/>
</suite>
<statistics>
<total>
<stat pass="1" fail="0" skip="0">All Tests</stat>
</total>
<tag>
</tag>
<suite>
<stat pass="1" fail="0" skip="0" id="s1" name="buyLower">buyLower</stat>
</suite>
</statistics>
<errors>
</errors>
</robot>
