<?xml version="1.0" encoding="UTF-8"?>
<robot generator="Robot 5.0.1 (Python 3.8.10 on linux)" generated="20220922 13:11:38.133" rpa="false" schemaversion="3">
<suite id="s1" name="Login" source="/home/dharisini/Desktop/QA/Qa_task1/login.robot">
<test id="s1-t1" name="Login To Deriv" line="11">
<kw name="Open Browser" library="SeleniumLibrary">
<arg>https://app.deriv.com/</arg>
<arg>chrome</arg>
<doc>Opens a new browser instance to the optional ``url``.</doc>
<msg timestamp="20220922 13:11:38.255" level="INFO">Opening browser 'chrome' to base url 'https://app.deriv.com/'.</msg>
<status status="PASS" starttime="20220922 13:11:38.255" endtime="20220922 13:11:45.633"/>
</kw>
<kw name="Maximize Browser Window" library="SeleniumLibrary">
<doc>Maximizes current browser window.</doc>
<status status="PASS" starttime="20220922 13:11:45.633" endtime="20220922 13:11:45.737"/>
</kw>
<kw name="Wait Until Page Contains Element" library="SeleniumLibrary">
<arg>//button[@id='dt_login_button']</arg>
<arg>30</arg>
<doc>Waits until the element ``locator`` appears on the current page.</doc>
<status status="PASS" starttime="20220922 13:11:45.737" endtime="20220922 13:11:45.751"/>
</kw>
<kw name="Wait Until Element Contains" library="SeleniumLibrary">
<arg>dt_login_button</arg>
<arg>Log in</arg>
<doc>Waits until the element ``locator`` contains ``text``.</doc>
<status status="PASS" starttime="20220922 13:11:45.752" endtime="20220922 13:11:48.109"/>
</kw>
<kw name="Click Element" library="SeleniumLibrary">
<arg>dt_login_button</arg>
<doc>Click the element identified by ``locator``.</doc>
<msg timestamp="20220922 13:11:48.110" level="INFO">Clicking element 'dt_login_button'.</msg>
<status status="PASS" starttime="20220922 13:11:48.109" endtime="20220922 13:11:51.131"/>
</kw>
<kw name="Wait Until Page Contains Element" library="SeleniumLibrary">
<arg>//input[@type='email']</arg>
<arg>10</arg>
<doc>Waits until the element ``locator`` appears on the current page.</doc>
<status status="PASS" starttime="20220922 13:11:51.132" endtime="20220922 13:11:51.163"/>
</kw>
<kw name="Input Text" library="SeleniumLibrary">
<arg>//input[@type='email']</arg>
<arg>dharisini@besquare.com.my</arg>
<doc>Types the given ``text`` into the text field identified by ``locator``.</doc>
<msg timestamp="20220922 13:11:51.164" level="INFO">Typing text 'dharisini@besquare.com.my' into text field '//input[@type='email']'.</msg>
<status status="PASS" starttime="20220922 13:11:51.163" endtime="20220922 13:11:51.247"/>
</kw>
<kw name="Input Text" library="SeleniumLibrary">
<arg>//input[@type='password']</arg>
<arg>DW7171G##c67</arg>
<doc>Types the given ``text`` into the text field identified by ``locator``.</doc>
<msg timestamp="20220922 13:11:51.248" level="INFO">Typing text 'DW7171G##c67' into text field '//input[@type='password']'.</msg>
<status status="PASS" starttime="20220922 13:11:51.247" endtime="20220922 13:11:51.322"/>
</kw>
<kw name="Click Element" library="SeleniumLibrary">
<arg>//button[@type='submit']</arg>
<doc>Click the element identified by ``locator``.</doc>
<msg timestamp="20220922 13:11:51.322" level="INFO">Clicking element '//button[@type='submit']'.</msg>
<status status="PASS" starttime="20220922 13:11:51.322" endtime="20220922 13:11:53.001"/>
</kw>
<kw name="Wait Until Page Contains Element" library="SeleniumLibrary">
<arg>//*[@id="dt_core_account-info_acc-info"]</arg>
<arg>30</arg>
<doc>Waits until the element ``locator`` appears on the current page.</doc>
<status status="PASS" starttime="20220922 13:11:53.002" endtime="20220922 13:11:54.381"/>
</kw>
<kw name="Ensure Loaded">
<kw name="Wait Until Page Does Not Contain Element" library="SeleniumLibrary">
<arg>//*[contains(@aria-label,'Loading')]</arg>
<doc>Waits until the element ``locator`` disappears from the current page.</doc>
<status status="PASS" starttime="20220922 13:11:54.382" endtime="20220922 13:11:56.688"/>
</kw>
<status status="PASS" starttime="20220922 13:11:54.381" endtime="20220922 13:11:56.688"/>
</kw>
<kw name="Click Element" library="SeleniumLibrary">
<arg>//*[@id="dt_core_account-info_acc-info"]</arg>
<doc>Click the element identified by ``locator``.</doc>
<msg timestamp="20220922 13:11:56.688" level="INFO">Clicking element '//*[@id="dt_core_account-info_acc-info"]'.</msg>
<status status="PASS" starttime="20220922 13:11:56.688" endtime="20220922 13:11:56.774"/>
</kw>
<kw name="Wait Until Page Contains Element" library="SeleniumLibrary">
<arg>dt_core_account-switcher_demo-tab</arg>
<arg>30</arg>
<doc>Waits until the element ``locator`` appears on the current page.</doc>
<status status="PASS" starttime="20220922 13:11:56.775" endtime="20220922 13:11:56.790"/>
</kw>
<kw name="Click Element" library="SeleniumLibrary">
<arg>dt_core_account-switcher_demo-tab</arg>
<doc>Click the element identified by ``locator``.</doc>
<msg timestamp="20220922 13:11:56.790" level="INFO">Clicking element 'dt_core_account-switcher_demo-tab'.</msg>
<status status="PASS" starttime="20220922 13:11:56.790" endtime="20220922 13:11:56.869"/>
</kw>
<kw name="Page Should Contain Element" library="SeleniumLibrary">
<arg>//*[@id="dt_VRTC6202200"]</arg>
<arg>40</arg>
<doc>Verifies that element ``locator`` is found on the current page.</doc>
<msg timestamp="20220922 13:11:56.882" level="INFO">Current page contains element '//*[@id="dt_VRTC6202200"]'.</msg>
<status status="PASS" starttime="20220922 13:11:56.869" endtime="20220922 13:11:56.882"/>
</kw>
<kw name="Click Element" library="SeleniumLibrary">
<arg>//*[@id="dt_VRTC6202200"]</arg>
<doc>Click the element identified by ``locator``.</doc>
<msg timestamp="20220922 13:11:56.883" level="INFO">Clicking element '//*[@id="dt_VRTC6202200"]'.</msg>
<status status="PASS" starttime="20220922 13:11:56.883" endtime="20220922 13:11:57.144"/>
</kw>
<status status="PASS" starttime="20220922 13:11:38.254" endtime="20220922 13:11:57.144"/>
</test>
<status status="PASS" starttime="20220922 13:11:38.134" endtime="20220922 13:11:57.146"/>
</suite>
<statistics>
<total>
<stat pass="1" fail="0" skip="0">All Tests</stat>
</total>
<tag>
</tag>
<suite>
<stat pass="1" fail="0" skip="0" id="s1" name="Login">Login</stat>
</suite>
</statistics>
<errors>
</errors>
</robot>
